[2017-07-13 10:58:49,527]  INFO  {org.wso2.carbon.transport.http.netty.listener.HTTPServerConnector} - Initializing  HTTP Transport Listener  
[2017-07-13 10:58:49,533]  INFO  {org.wso2.carbon.transport.http.netty.listener.HTTPServerConnector} - Initializing  HTTP Transport Listener  
[2017-07-13 10:58:49,975]  INFO  {org.ballerinalang.services.dispatchers.http.HTTPServicesRegistry} - Service deployed : XmlWithNamespaceTestService with context /XmlWithNamespaceTestService  
[2017-07-13 10:58:50,028]  INFO  {org.wso2.carbon.transport.http.netty.listener.ServerConnectorController} - Started listener http-9090  
[2017-07-13 10:58:50,029]  INFO  {org.wso2.carbon.transport.http.netty.listener.ServerConnectorController} - HTTP Interface default starting on host  0.0.0.0 and port 9090  
[2017-07-13 11:05:39,134]  INFO  {org.wso2.carbon.transport.http.netty.listener.HTTPServerConnector} - Initializing  HTTP Transport Listener  
[2017-07-13 11:05:39,140]  INFO  {org.wso2.carbon.transport.http.netty.listener.HTTPServerConnector} - Initializing  HTTP Transport Listener  
[2017-07-13 11:05:39,611]  INFO  {org.ballerinalang.services.dispatchers.http.HTTPServicesRegistry} - Service deployed : XmlWithNamespaceTestService with context /XmlWithNamespaceTestService  
[2017-07-13 11:05:39,664]  INFO  {org.wso2.carbon.transport.http.netty.listener.ServerConnectorController} - Started listener http-9090  
[2017-07-13 11:05:39,665]  INFO  {org.wso2.carbon.transport.http.netty.listener.ServerConnectorController} - HTTP Interface default starting on host  0.0.0.0 and port 9090  
[2017-07-13 11:05:46,451]  INFO  {org.wso2.carbon.transport.http.netty.listener.HTTPServerConnector} - Initializing  HTTP Transport Listener  
[2017-07-13 11:05:46,458]  INFO  {org.wso2.carbon.transport.http.netty.listener.HTTPServerConnector} - Initializing  HTTP Transport Listener  
[2017-07-13 11:05:46,914]  INFO  {org.ballerinalang.services.dispatchers.http.HTTPServicesRegistry} - Service deployed : LargePayloadTestService with context /LargePayloadTestService  
[2017-07-13 11:05:46,970]  INFO  {org.wso2.carbon.transport.http.netty.listener.ServerConnectorController} - Started listener http-9090  
[2017-07-13 11:05:46,971]  INFO  {org.wso2.carbon.transport.http.netty.listener.ServerConnectorController} - HTTP Interface default starting on host  0.0.0.0 and port 9090  
[2017-07-13 11:29:11,275]  INFO  {org.wso2.carbon.transport.http.netty.listener.HTTPServerConnector} - Initializing  HTTP Transport Listener  
[2017-07-13 11:29:11,281]  INFO  {org.wso2.carbon.transport.http.netty.listener.HTTPServerConnector} - Initializing  HTTP Transport Listener  
[2017-07-13 11:29:11,786]  INFO  {org.ballerinalang.services.dispatchers.http.HTTPServicesRegistry} - Service deployed : LargePayloadTestService with context /LargePayloadTestService  
[2017-07-13 11:29:11,837]  INFO  {org.wso2.carbon.transport.http.netty.listener.ServerConnectorController} - Started listener http-9090  
[2017-07-13 11:29:11,838]  INFO  {org.wso2.carbon.transport.http.netty.listener.ServerConnectorController} - HTTP Interface default starting on host  0.0.0.0 and port 9090  
[2017-07-13 11:32:25,834]  INFO  {org.wso2.carbon.transport.http.netty.listener.HTTPServerConnector} - Initializing  HTTP Transport Listener  
[2017-07-13 11:32:25,841]  INFO  {org.wso2.carbon.transport.http.netty.listener.HTTPServerConnector} - Initializing  HTTP Transport Listener  
[2017-07-13 11:32:26,286]  INFO  {org.ballerinalang.services.dispatchers.http.HTTPServicesRegistry} - Service deployed : LargePayloadTestService with context /LargePayloadTestService  
[2017-07-13 11:32:26,339]  INFO  {org.wso2.carbon.transport.http.netty.listener.ServerConnectorController} - Started listener http-9090  
[2017-07-13 11:32:26,340]  INFO  {org.wso2.carbon.transport.http.netty.listener.ServerConnectorController} - HTTP Interface default starting on host  0.0.0.0 and port 9090  
[2017-07-13 11:32:44,260]  ERROR {org.ballerinalang.services.dispatchers.http.HTTPErrorHandler} - ballerina.lang.errors:Error, message: failed to check xml is singleton: argument 0 is null
	at isSingleton(<native>:0)
	at LargePayloadTestService.updateAttributesResource(scenario2/IntegratorService.bal:153)  
[2017-07-13 11:34:20,403]  INFO  {org.wso2.carbon.transport.http.netty.listener.HTTPServerConnector} - Initializing  HTTP Transport Listener  
[2017-07-13 11:34:20,410]  INFO  {org.wso2.carbon.transport.http.netty.listener.HTTPServerConnector} - Initializing  HTTP Transport Listener  
[2017-07-13 11:34:20,878]  INFO  {org.ballerinalang.services.dispatchers.http.HTTPServicesRegistry} - Service deployed : LargePayloadTestService with context /LargePayloadTestService  
[2017-07-13 11:34:20,930]  INFO  {org.wso2.carbon.transport.http.netty.listener.ServerConnectorController} - Started listener http-9090  
[2017-07-13 11:34:20,931]  INFO  {org.wso2.carbon.transport.http.netty.listener.ServerConnectorController} - HTTP Interface default starting on host  0.0.0.0 and port 9090  
[2017-07-13 11:37:39,123]  INFO  {org.wso2.carbon.transport.http.netty.listener.HTTPServerConnector} - Initializing  HTTP Transport Listener  
[2017-07-13 11:37:39,129]  INFO  {org.wso2.carbon.transport.http.netty.listener.HTTPServerConnector} - Initializing  HTTP Transport Listener  
[2017-07-13 11:37:49,596]  INFO  {org.wso2.carbon.transport.http.netty.listener.HTTPServerConnector} - Initializing  HTTP Transport Listener  
[2017-07-13 11:37:49,604]  INFO  {org.wso2.carbon.transport.http.netty.listener.HTTPServerConnector} - Initializing  HTTP Transport Listener  
[2017-07-13 11:37:50,087]  INFO  {org.ballerinalang.services.dispatchers.http.HTTPServicesRegistry} - Service deployed : LargePayloadTestService with context /LargePayloadTestService  
[2017-07-13 11:37:50,140]  INFO  {org.wso2.carbon.transport.http.netty.listener.ServerConnectorController} - Started listener http-9090  
[2017-07-13 11:37:50,141]  INFO  {org.wso2.carbon.transport.http.netty.listener.ServerConnectorController} - HTTP Interface default starting on host  0.0.0.0 and port 9090  
[2017-07-13 11:38:25,213]  INFO  {org.wso2.carbon.transport.http.netty.listener.HTTPServerConnector} - Initializing  HTTP Transport Listener  
[2017-07-13 11:38:25,219]  INFO  {org.wso2.carbon.transport.http.netty.listener.HTTPServerConnector} - Initializing  HTTP Transport Listener  
[2017-07-13 11:38:25,678]  INFO  {org.ballerinalang.services.dispatchers.http.HTTPServicesRegistry} - Service deployed : LargePayloadTestService with context /LargePayloadTestService  
[2017-07-13 11:38:25,737]  INFO  {org.wso2.carbon.transport.http.netty.listener.ServerConnectorController} - Started listener http-9090  
[2017-07-13 11:38:25,737]  INFO  {org.wso2.carbon.transport.http.netty.listener.ServerConnectorController} - HTTP Interface default starting on host  0.0.0.0 and port 9090  
[2017-07-13 11:38:54,105]  INFO  {org.wso2.carbon.transport.http.netty.listener.HTTPServerConnector} - Initializing  HTTP Transport Listener  
[2017-07-13 11:38:54,111]  INFO  {org.wso2.carbon.transport.http.netty.listener.HTTPServerConnector} - Initializing  HTTP Transport Listener  
[2017-07-13 11:38:54,591]  INFO  {org.ballerinalang.services.dispatchers.http.HTTPServicesRegistry} - Service deployed : LargePayloadTestService with context /LargePayloadTestService  
[2017-07-13 11:38:54,661]  INFO  {org.wso2.carbon.transport.http.netty.listener.ServerConnectorController} - Started listener http-9090  
[2017-07-13 11:38:54,662]  INFO  {org.wso2.carbon.transport.http.netty.listener.ServerConnectorController} - HTTP Interface default starting on host  0.0.0.0 and port 9090  
[2017-07-13 11:40:54,972]  INFO  {org.wso2.carbon.transport.http.netty.listener.HTTPServerConnector} - Initializing  HTTP Transport Listener  
[2017-07-13 11:40:54,979]  INFO  {org.wso2.carbon.transport.http.netty.listener.HTTPServerConnector} - Initializing  HTTP Transport Listener  
[2017-07-13 11:40:55,445]  INFO  {org.ballerinalang.services.dispatchers.http.HTTPServicesRegistry} - Service deployed : LargePayloadTestService with context /LargePayloadTestService  
[2017-07-13 11:40:55,496]  INFO  {org.wso2.carbon.transport.http.netty.listener.ServerConnectorController} - Started listener http-9090  
[2017-07-13 11:40:55,497]  INFO  {org.wso2.carbon.transport.http.netty.listener.ServerConnectorController} - HTTP Interface default starting on host  0.0.0.0 and port 9090  
[2017-07-13 11:55:22,435]  INFO  {org.wso2.carbon.transport.http.netty.listener.HTTPServerConnector} - Initializing  HTTP Transport Listener  
[2017-07-13 11:55:22,442]  INFO  {org.wso2.carbon.transport.http.netty.listener.HTTPServerConnector} - Initializing  HTTP Transport Listener  
[2017-07-13 11:55:22,924]  INFO  {org.ballerinalang.services.dispatchers.http.HTTPServicesRegistry} - Service deployed : LargePayloadTestService with context /LargePayloadTestService  
[2017-07-13 11:55:22,978]  INFO  {org.wso2.carbon.transport.http.netty.listener.ServerConnectorController} - Started listener http-9090  
[2017-07-13 11:55:22,978]  INFO  {org.wso2.carbon.transport.http.netty.listener.ServerConnectorController} - HTTP Interface default starting on host  0.0.0.0 and port 9090  
[2017-07-13 11:59:09,433]  INFO  {org.wso2.carbon.transport.http.netty.listener.HTTPServerConnector} - Initializing  HTTP Transport Listener  
[2017-07-13 11:59:09,439]  INFO  {org.wso2.carbon.transport.http.netty.listener.HTTPServerConnector} - Initializing  HTTP Transport Listener  
[2017-07-13 11:59:09,896]  INFO  {org.ballerinalang.services.dispatchers.http.HTTPServicesRegistry} - Service deployed : LargePayloadTestService with context /LargePayloadTestService  
[2017-07-13 11:59:09,949]  INFO  {org.wso2.carbon.transport.http.netty.listener.ServerConnectorController} - Started listener http-9090  
[2017-07-13 11:59:09,950]  INFO  {org.wso2.carbon.transport.http.netty.listener.ServerConnectorController} - HTTP Interface default starting on host  0.0.0.0 and port 9090  
[2017-07-13 12:10:35,259]  INFO  {org.wso2.carbon.transport.http.netty.listener.HTTPServerConnector} - Initializing  HTTP Transport Listener  
[2017-07-13 12:10:35,265]  INFO  {org.wso2.carbon.transport.http.netty.listener.HTTPServerConnector} - Initializing  HTTP Transport Listener  
[2017-07-13 12:10:35,734]  INFO  {org.ballerinalang.services.dispatchers.http.HTTPServicesRegistry} - Service deployed : LargePayloadTestService with context /LargePayloadTestService  
[2017-07-13 12:10:35,792]  INFO  {org.wso2.carbon.transport.http.netty.listener.ServerConnectorController} - Started listener http-9090  
[2017-07-13 12:10:35,793]  INFO  {org.wso2.carbon.transport.http.netty.listener.ServerConnectorController} - HTTP Interface default starting on host  0.0.0.0 and port 9090  
[2017-07-13 12:16:50,466]  INFO  {org.wso2.carbon.transport.http.netty.listener.HTTPServerConnector} - Initializing  HTTP Transport Listener  
[2017-07-13 12:16:50,473]  INFO  {org.wso2.carbon.transport.http.netty.listener.HTTPServerConnector} - Initializing  HTTP Transport Listener  
[2017-07-13 12:17:13,177]  INFO  {org.wso2.carbon.transport.http.netty.listener.HTTPServerConnector} - Initializing  HTTP Transport Listener  
[2017-07-13 12:17:13,183]  INFO  {org.wso2.carbon.transport.http.netty.listener.HTTPServerConnector} - Initializing  HTTP Transport Listener  
[2017-07-13 12:17:13,636]  INFO  {org.ballerinalang.services.dispatchers.http.HTTPServicesRegistry} - Service deployed : LargePayloadTestService with context /LargePayloadTestService  
[2017-07-13 12:17:13,688]  INFO  {org.wso2.carbon.transport.http.netty.listener.ServerConnectorController} - Started listener http-9090  
[2017-07-13 12:17:13,688]  INFO  {org.wso2.carbon.transport.http.netty.listener.ServerConnectorController} - HTTP Interface default starting on host  0.0.0.0 and port 9090  
[2017-07-13 14:13:53,036]  INFO  {org.wso2.carbon.transport.http.netty.listener.HTTPServerConnector} - Initializing  HTTP Transport Listener  
[2017-07-13 14:13:53,042]  INFO  {org.wso2.carbon.transport.http.netty.listener.HTTPServerConnector} - Initializing  HTTP Transport Listener  
[2017-07-13 14:14:09,190]  INFO  {org.wso2.carbon.transport.http.netty.listener.HTTPServerConnector} - Initializing  HTTP Transport Listener  
[2017-07-13 14:14:09,196]  INFO  {org.wso2.carbon.transport.http.netty.listener.HTTPServerConnector} - Initializing  HTTP Transport Listener  
[2017-07-13 14:14:21,856]  INFO  {org.wso2.carbon.transport.http.netty.listener.HTTPServerConnector} - Initializing  HTTP Transport Listener  
[2017-07-13 14:14:21,862]  INFO  {org.wso2.carbon.transport.http.netty.listener.HTTPServerConnector} - Initializing  HTTP Transport Listener  
[2017-07-13 14:14:22,326]  INFO  {org.ballerinalang.services.dispatchers.http.HTTPServicesRegistry} - Service deployed : XmlWithNamespaceTestService with context /XmlWithNamespaceTestService  
[2017-07-13 14:14:22,401]  INFO  {org.wso2.carbon.transport.http.netty.listener.ServerConnectorController} - Started listener http-9090  
[2017-07-13 14:14:22,401]  INFO  {org.wso2.carbon.transport.http.netty.listener.ServerConnectorController} - HTTP Interface default starting on host  0.0.0.0 and port 9090  
[2017-07-13 14:19:26,046]  INFO  {org.wso2.carbon.transport.http.netty.listener.HTTPServerConnector} - Initializing  HTTP Transport Listener  
[2017-07-13 14:19:26,053]  INFO  {org.wso2.carbon.transport.http.netty.listener.HTTPServerConnector} - Initializing  HTTP Transport Listener  
[2017-07-13 14:19:26,501]  INFO  {org.ballerinalang.services.dispatchers.http.HTTPServicesRegistry} - Service deployed : XmlWithNamespaceTestService with context /XmlWithNamespaceTestService  
[2017-07-13 14:19:26,558]  INFO  {org.wso2.carbon.transport.http.netty.listener.ServerConnectorController} - Started listener http-9090  
[2017-07-13 14:19:26,558]  INFO  {org.wso2.carbon.transport.http.netty.listener.ServerConnectorController} - HTTP Interface default starting on host  0.0.0.0 and port 9090  
[2017-07-13 14:39:23,678]  INFO  {org.wso2.carbon.transport.http.netty.listener.HTTPServerConnector} - Initializing  HTTP Transport Listener  
[2017-07-13 14:39:23,684]  INFO  {org.wso2.carbon.transport.http.netty.listener.HTTPServerConnector} - Initializing  HTTP Transport Listener  
[2017-07-13 14:39:36,776]  INFO  {org.wso2.carbon.transport.http.netty.listener.HTTPServerConnector} - Initializing  HTTP Transport Listener  
[2017-07-13 14:39:36,782]  INFO  {org.wso2.carbon.transport.http.netty.listener.HTTPServerConnector} - Initializing  HTTP Transport Listener  
[2017-07-13 14:39:48,555]  INFO  {org.wso2.carbon.transport.http.netty.listener.HTTPServerConnector} - Initializing  HTTP Transport Listener  
[2017-07-13 14:39:48,561]  INFO  {org.wso2.carbon.transport.http.netty.listener.HTTPServerConnector} - Initializing  HTTP Transport Listener  
[2017-07-13 14:39:49,013]  INFO  {org.ballerinalang.services.dispatchers.http.HTTPServicesRegistry} - Service deployed : XmlWithNamespaceTestService with context /XmlWithNamespaceTestService  
[2017-07-13 14:39:49,088]  INFO  {org.wso2.carbon.transport.http.netty.listener.ServerConnectorController} - Started listener http-9090  
[2017-07-13 14:39:49,089]  INFO  {org.wso2.carbon.transport.http.netty.listener.ServerConnectorController} - HTTP Interface default starting on host  0.0.0.0 and port 9090  
[2017-07-13 14:40:34,939]  INFO  {org.wso2.carbon.transport.http.netty.listener.HTTPServerConnector} - Initializing  HTTP Transport Listener  
[2017-07-13 14:40:34,945]  INFO  {org.wso2.carbon.transport.http.netty.listener.HTTPServerConnector} - Initializing  HTTP Transport Listener  
[2017-07-13 14:40:35,375]  INFO  {org.ballerinalang.services.dispatchers.http.HTTPServicesRegistry} - Service deployed : XmlWithNamespaceTestService with context /XmlWithNamespaceTestService  
[2017-07-13 14:40:35,428]  INFO  {org.wso2.carbon.transport.http.netty.listener.ServerConnectorController} - Started listener http-9090  
[2017-07-13 14:40:35,429]  INFO  {org.wso2.carbon.transport.http.netty.listener.ServerConnectorController} - HTTP Interface default starting on host  0.0.0.0 and port 9090  
[2017-07-13 14:44:48,861]  INFO  {org.wso2.carbon.transport.http.netty.listener.HTTPServerConnector} - Initializing  HTTP Transport Listener  
[2017-07-13 14:44:48,867]  INFO  {org.wso2.carbon.transport.http.netty.listener.HTTPServerConnector} - Initializing  HTTP Transport Listener  
[2017-07-13 14:44:49,321]  INFO  {org.ballerinalang.services.dispatchers.http.HTTPServicesRegistry} - Service deployed : XmlWithNamespaceTestService with context /XmlWithNamespaceTestService  
[2017-07-13 14:44:49,374]  INFO  {org.wso2.carbon.transport.http.netty.listener.ServerConnectorController} - Started listener http-9090  
[2017-07-13 14:44:49,374]  INFO  {org.wso2.carbon.transport.http.netty.listener.ServerConnectorController} - HTTP Interface default starting on host  0.0.0.0 and port 9090  
[2017-07-13 14:46:47,813]  INFO  {org.wso2.carbon.transport.http.netty.listener.HTTPServerConnector} - Initializing  HTTP Transport Listener  
[2017-07-13 14:46:47,820]  INFO  {org.wso2.carbon.transport.http.netty.listener.HTTPServerConnector} - Initializing  HTTP Transport Listener  
[2017-07-13 14:46:48,315]  INFO  {org.ballerinalang.services.dispatchers.http.HTTPServicesRegistry} - Service deployed : XmlWithNamespaceTestService with context /XmlWithNamespaceTestService  
[2017-07-13 14:46:48,365]  INFO  {org.wso2.carbon.transport.http.netty.listener.ServerConnectorController} - Started listener http-9090  
[2017-07-13 14:46:48,366]  INFO  {org.wso2.carbon.transport.http.netty.listener.ServerConnectorController} - HTTP Interface default starting on host  0.0.0.0 and port 9090  
[2017-07-13 14:47:24,575]  INFO  {org.wso2.carbon.transport.http.netty.listener.HTTPServerConnector} - Initializing  HTTP Transport Listener  
[2017-07-13 14:47:24,582]  INFO  {org.wso2.carbon.transport.http.netty.listener.HTTPServerConnector} - Initializing  HTTP Transport Listener  
[2017-07-13 14:47:25,035]  INFO  {org.ballerinalang.services.dispatchers.http.HTTPServicesRegistry} - Service deployed : XmlWithNamespaceTestService with context /XmlWithNamespaceTestService  
[2017-07-13 14:47:25,085]  INFO  {org.wso2.carbon.transport.http.netty.listener.ServerConnectorController} - Started listener http-9090  
[2017-07-13 14:47:25,085]  INFO  {org.wso2.carbon.transport.http.netty.listener.ServerConnectorController} - HTTP Interface default starting on host  0.0.0.0 and port 9090  
[2017-07-13 14:51:30,189]  INFO  {org.wso2.carbon.transport.http.netty.listener.HTTPServerConnector} - Initializing  HTTP Transport Listener  
[2017-07-13 14:51:30,196]  INFO  {org.wso2.carbon.transport.http.netty.listener.HTTPServerConnector} - Initializing  HTTP Transport Listener  
[2017-07-13 14:51:30,666]  INFO  {org.ballerinalang.services.dispatchers.http.HTTPServicesRegistry} - Service deployed : XmlWithNamespaceTestService with context /XmlWithNamespaceTestService  
[2017-07-13 14:51:30,718]  INFO  {org.wso2.carbon.transport.http.netty.listener.ServerConnectorController} - Started listener http-9090  
[2017-07-13 14:51:30,719]  INFO  {org.wso2.carbon.transport.http.netty.listener.ServerConnectorController} - HTTP Interface default starting on host  0.0.0.0 and port 9090  
[2017-07-14 9:34:28,836]  INFO  {org.wso2.carbon.transport.http.netty.listener.HTTPServerConnector} - Initializing  HTTP Transport Listener  
[2017-07-14 9:34:28,849]  INFO  {org.wso2.carbon.transport.http.netty.listener.HTTPServerConnector} - Initializing  HTTP Transport Listener  
[2017-07-14 9:34:29,374]  INFO  {org.ballerinalang.services.dispatchers.http.HTTPServicesRegistry} - Service deployed : XmlWithNamespaceTestService with context /XmlWithNamespaceTestService  
[2017-07-14 9:34:29,444]  INFO  {org.wso2.carbon.transport.http.netty.listener.ServerConnectorController} - Started listener http-9090  
[2017-07-14 9:34:29,444]  INFO  {org.wso2.carbon.transport.http.netty.listener.ServerConnectorController} - HTTP Interface default starting on host  0.0.0.0 and port 9090  
[2017-07-14 9:58:07,468]  INFO  {org.wso2.carbon.transport.http.netty.listener.HTTPServerConnector} - Initializing  HTTP Transport Listener  
[2017-07-14 9:58:07,474]  INFO  {org.wso2.carbon.transport.http.netty.listener.HTTPServerConnector} - Initializing  HTTP Transport Listener  
[2017-07-14 9:58:07,944]  INFO  {org.ballerinalang.services.dispatchers.http.HTTPServicesRegistry} - Service deployed : XmlWithNamespaceTestService with context /XmlWithNamespaceTestService  
[2017-07-14 9:58:07,998]  INFO  {org.wso2.carbon.transport.http.netty.listener.ServerConnectorController} - Started listener http-9090  
[2017-07-14 9:58:07,998]  INFO  {org.wso2.carbon.transport.http.netty.listener.ServerConnectorController} - HTTP Interface default starting on host  0.0.0.0 and port 9090  
[2017-07-14 10:01:29,263]  INFO  {org.wso2.carbon.transport.http.netty.listener.HTTPServerConnector} - Initializing  HTTP Transport Listener  
[2017-07-14 10:01:29,269]  INFO  {org.wso2.carbon.transport.http.netty.listener.HTTPServerConnector} - Initializing  HTTP Transport Listener  
[2017-07-14 10:01:29,717]  INFO  {org.ballerinalang.services.dispatchers.http.HTTPServicesRegistry} - Service deployed : XmlWithNamespaceTestService with context /XmlWithNamespaceTestService  
[2017-07-14 10:01:29,769]  INFO  {org.wso2.carbon.transport.http.netty.listener.ServerConnectorController} - Started listener http-9090  
[2017-07-14 10:01:29,770]  INFO  {org.wso2.carbon.transport.http.netty.listener.ServerConnectorController} - HTTP Interface default starting on host  0.0.0.0 and port 9090  
[2017-07-14 10:05:49,332]  INFO  {org.wso2.carbon.transport.http.netty.listener.HTTPServerConnector} - Initializing  HTTP Transport Listener  
[2017-07-14 10:05:49,338]  INFO  {org.wso2.carbon.transport.http.netty.listener.HTTPServerConnector} - Initializing  HTTP Transport Listener  
[2017-07-14 10:05:49,784]  INFO  {org.ballerinalang.services.dispatchers.http.HTTPServicesRegistry} - Service deployed : XmlWithNamespaceTestService with context /XmlWithNamespaceTestService  
[2017-07-14 10:05:49,838]  INFO  {org.wso2.carbon.transport.http.netty.listener.ServerConnectorController} - Started listener http-9090  
[2017-07-14 10:05:49,839]  INFO  {org.wso2.carbon.transport.http.netty.listener.ServerConnectorController} - HTTP Interface default starting on host  0.0.0.0 and port 9090  
[2017-07-14 10:06:52,374]  INFO  {org.wso2.carbon.transport.http.netty.listener.HTTPServerConnector} - Initializing  HTTP Transport Listener  
[2017-07-14 10:06:52,380]  INFO  {org.wso2.carbon.transport.http.netty.listener.HTTPServerConnector} - Initializing  HTTP Transport Listener  
[2017-07-14 10:07:21,564]  INFO  {org.wso2.carbon.transport.http.netty.listener.HTTPServerConnector} - Initializing  HTTP Transport Listener  
[2017-07-14 10:07:21,571]  INFO  {org.wso2.carbon.transport.http.netty.listener.HTTPServerConnector} - Initializing  HTTP Transport Listener  
[2017-07-14 10:07:22,018]  INFO  {org.ballerinalang.services.dispatchers.http.HTTPServicesRegistry} - Service deployed : XmlWithNamespaceTestService with context /XmlWithNamespaceTestService  
[2017-07-14 10:07:22,076]  INFO  {org.wso2.carbon.transport.http.netty.listener.ServerConnectorController} - Started listener http-9090  
[2017-07-14 10:07:22,077]  INFO  {org.wso2.carbon.transport.http.netty.listener.ServerConnectorController} - HTTP Interface default starting on host  0.0.0.0 and port 9090  
[2017-07-14 10:08:58,496]  INFO  {org.wso2.carbon.transport.http.netty.listener.HTTPServerConnector} - Initializing  HTTP Transport Listener  
[2017-07-14 10:08:58,502]  INFO  {org.wso2.carbon.transport.http.netty.listener.HTTPServerConnector} - Initializing  HTTP Transport Listener  
[2017-07-14 10:08:58,958]  INFO  {org.ballerinalang.services.dispatchers.http.HTTPServicesRegistry} - Service deployed : XmlWithNamespaceTestService with context /XmlWithNamespaceTestService  
[2017-07-14 10:08:59,012]  INFO  {org.wso2.carbon.transport.http.netty.listener.ServerConnectorController} - Started listener http-9090  
[2017-07-14 10:08:59,013]  INFO  {org.wso2.carbon.transport.http.netty.listener.ServerConnectorController} - HTTP Interface default starting on host  0.0.0.0 and port 9090  
[2017-07-14 10:10:23,522]  INFO  {org.wso2.carbon.transport.http.netty.listener.HTTPServerConnector} - Initializing  HTTP Transport Listener  
[2017-07-14 10:10:23,529]  INFO  {org.wso2.carbon.transport.http.netty.listener.HTTPServerConnector} - Initializing  HTTP Transport Listener  
[2017-07-14 10:10:37,715]  INFO  {org.wso2.carbon.transport.http.netty.listener.HTTPServerConnector} - Initializing  HTTP Transport Listener  
[2017-07-14 10:10:37,721]  INFO  {org.wso2.carbon.transport.http.netty.listener.HTTPServerConnector} - Initializing  HTTP Transport Listener  
[2017-07-14 10:10:38,164]  INFO  {org.ballerinalang.services.dispatchers.http.HTTPServicesRegistry} - Service deployed : XmlWithNamespaceTestService with context /XmlWithNamespaceTestService  
[2017-07-14 10:10:38,215]  INFO  {org.wso2.carbon.transport.http.netty.listener.ServerConnectorController} - Started listener http-9090  
[2017-07-14 10:10:38,215]  INFO  {org.wso2.carbon.transport.http.netty.listener.ServerConnectorController} - HTTP Interface default starting on host  0.0.0.0 and port 9090  
[2017-07-14 10:13:52,193]  INFO  {org.wso2.carbon.transport.http.netty.listener.HTTPServerConnector} - Initializing  HTTP Transport Listener  
[2017-07-14 10:13:52,199]  INFO  {org.wso2.carbon.transport.http.netty.listener.HTTPServerConnector} - Initializing  HTTP Transport Listener  
[2017-07-14 10:53:54,773]  INFO  {org.wso2.carbon.transport.http.netty.listener.HTTPServerConnector} - Initializing  HTTP Transport Listener  
[2017-07-14 10:53:54,780]  INFO  {org.wso2.carbon.transport.http.netty.listener.HTTPServerConnector} - Initializing  HTTP Transport Listener  
[2017-07-14 10:53:55,228]  INFO  {org.ballerinalang.services.dispatchers.http.HTTPServicesRegistry} - Service deployed : XmlWithNamespaceTestService with context /XmlWithNamespaceTestService  
[2017-07-14 10:53:55,281]  INFO  {org.wso2.carbon.transport.http.netty.listener.ServerConnectorController} - Started listener http-9090  
[2017-07-14 10:53:55,281]  INFO  {org.wso2.carbon.transport.http.netty.listener.ServerConnectorController} - HTTP Interface default starting on host  0.0.0.0 and port 9090  
[2017-07-14 11:00:31,479]  INFO  {org.wso2.carbon.transport.http.netty.listener.HTTPServerConnector} - Initializing  HTTP Transport Listener  
[2017-07-14 11:00:31,485]  INFO  {org.wso2.carbon.transport.http.netty.listener.HTTPServerConnector} - Initializing  HTTP Transport Listener  
[2017-07-14 11:00:31,944]  INFO  {org.ballerinalang.services.dispatchers.http.HTTPServicesRegistry} - Service deployed : XmlWithNamespaceTestService with context /XmlWithNamespaceTestService  
[2017-07-14 11:00:31,993]  INFO  {org.wso2.carbon.transport.http.netty.listener.ServerConnectorController} - Started listener http-9090  
[2017-07-14 11:00:31,994]  INFO  {org.wso2.carbon.transport.http.netty.listener.ServerConnectorController} - HTTP Interface default starting on host  0.0.0.0 and port 9090  
[2017-07-14 11:01:53,341]  INFO  {org.wso2.carbon.transport.http.netty.listener.HTTPServerConnector} - Initializing  HTTP Transport Listener  
[2017-07-14 11:01:53,347]  INFO  {org.wso2.carbon.transport.http.netty.listener.HTTPServerConnector} - Initializing  HTTP Transport Listener  
[2017-07-14 11:01:53,836]  INFO  {org.ballerinalang.services.dispatchers.http.HTTPServicesRegistry} - Service deployed : XmlWithNamespaceTestService with context /XmlWithNamespaceTestService  
[2017-07-14 11:01:53,908]  INFO  {org.wso2.carbon.transport.http.netty.listener.ServerConnectorController} - Started listener http-9090  
[2017-07-14 11:01:53,908]  INFO  {org.wso2.carbon.transport.http.netty.listener.ServerConnectorController} - HTTP Interface default starting on host  0.0.0.0 and port 9090  
[2017-07-14 11:04:43,377]  INFO  {org.wso2.carbon.transport.http.netty.listener.HTTPServerConnector} - Initializing  HTTP Transport Listener  
[2017-07-14 11:04:43,385]  INFO  {org.wso2.carbon.transport.http.netty.listener.HTTPServerConnector} - Initializing  HTTP Transport Listener  
[2017-07-14 11:04:43,911]  INFO  {org.ballerinalang.services.dispatchers.http.HTTPServicesRegistry} - Service deployed : XmlWithNamespaceTestService with context /XmlWithNamespaceTestService  
[2017-07-14 11:04:43,968]  INFO  {org.wso2.carbon.transport.http.netty.listener.ServerConnectorController} - Started listener http-9090  
[2017-07-14 11:04:43,968]  INFO  {org.wso2.carbon.transport.http.netty.listener.ServerConnectorController} - HTTP Interface default starting on host  0.0.0.0 and port 9090  
[2017-07-14 11:10:06,721]  INFO  {org.wso2.carbon.transport.http.netty.listener.HTTPServerConnector} - Initializing  HTTP Transport Listener  
[2017-07-14 11:10:06,727]  INFO  {org.wso2.carbon.transport.http.netty.listener.HTTPServerConnector} - Initializing  HTTP Transport Listener  
[2017-07-14 11:10:23,877]  INFO  {org.wso2.carbon.transport.http.netty.listener.HTTPServerConnector} - Initializing  HTTP Transport Listener  
[2017-07-14 11:10:23,884]  INFO  {org.wso2.carbon.transport.http.netty.listener.HTTPServerConnector} - Initializing  HTTP Transport Listener  
[2017-07-14 11:10:24,437]  INFO  {org.ballerinalang.services.dispatchers.http.HTTPServicesRegistry} - Service deployed : XmlWithNamespaceTestService with context /XmlWithNamespaceTestService  
[2017-07-14 11:10:24,507]  INFO  {org.wso2.carbon.transport.http.netty.listener.ServerConnectorController} - Started listener http-9090  
[2017-07-14 11:10:24,507]  INFO  {org.wso2.carbon.transport.http.netty.listener.ServerConnectorController} - HTTP Interface default starting on host  0.0.0.0 and port 9090  
[2017-07-14 12:53:02,881]  INFO  {org.wso2.carbon.transport.http.netty.listener.HTTPServerConnector} - Initializing  HTTP Transport Listener  
[2017-07-14 12:53:02,887]  INFO  {org.wso2.carbon.transport.http.netty.listener.HTTPServerConnector} - Initializing  HTTP Transport Listener  
[2017-07-14 12:53:03,366]  INFO  {org.ballerinalang.services.dispatchers.http.HTTPServicesRegistry} - Service deployed : XmlWithNamespaceTestService with context /XmlWithNamespaceTestService  
[2017-07-14 12:53:03,419]  INFO  {org.wso2.carbon.transport.http.netty.listener.ServerConnectorController} - Started listener http-9090  
[2017-07-14 12:53:03,419]  INFO  {org.wso2.carbon.transport.http.netty.listener.ServerConnectorController} - HTTP Interface default starting on host  0.0.0.0 and port 9090  
[2017-07-14 13:01:03,058]  INFO  {org.wso2.carbon.transport.http.netty.listener.HTTPServerConnector} - Initializing  HTTP Transport Listener  
[2017-07-14 13:01:03,064]  INFO  {org.wso2.carbon.transport.http.netty.listener.HTTPServerConnector} - Initializing  HTTP Transport Listener  
[2017-07-14 13:01:03,550]  INFO  {org.ballerinalang.services.dispatchers.http.HTTPServicesRegistry} - Service deployed : LargePayloadTestService with context /LargePayloadTestService  
[2017-07-14 13:01:03,604]  INFO  {org.wso2.carbon.transport.http.netty.listener.ServerConnectorController} - Started listener http-9090  
[2017-07-14 13:01:03,605]  INFO  {org.wso2.carbon.transport.http.netty.listener.ServerConnectorController} - HTTP Interface default starting on host  0.0.0.0 and port 9090  
[2017-07-14 14:24:32,592]  INFO  {org.wso2.carbon.transport.http.netty.listener.HTTPServerConnector} - Initializing  HTTP Transport Listener  
[2017-07-14 14:24:32,598]  INFO  {org.wso2.carbon.transport.http.netty.listener.HTTPServerConnector} - Initializing  HTTP Transport Listener  
[2017-07-14 14:24:33,103]  INFO  {org.ballerinalang.services.dispatchers.http.HTTPServicesRegistry} - Service deployed : XmlWithNamespaceTestService with context /XmlWithNamespaceTestService  
[2017-07-14 14:24:33,175]  INFO  {org.wso2.carbon.transport.http.netty.listener.ServerConnectorController} - Started listener http-9090  
[2017-07-14 14:24:33,176]  INFO  {org.wso2.carbon.transport.http.netty.listener.ServerConnectorController} - HTTP Interface default starting on host  0.0.0.0 and port 9090  
[2017-07-14 14:33:38,886]  INFO  {org.wso2.carbon.transport.http.netty.listener.HTTPServerConnector} - Initializing  HTTP Transport Listener  
[2017-07-14 14:33:38,893]  INFO  {org.wso2.carbon.transport.http.netty.listener.HTTPServerConnector} - Initializing  HTTP Transport Listener  
[2017-07-14 14:33:39,407]  INFO  {org.ballerinalang.services.dispatchers.http.HTTPServicesRegistry} - Service deployed : XmlWithNamespaceTestService with context /XmlWithNamespaceTestService  
[2017-07-14 14:33:39,468]  INFO  {org.wso2.carbon.transport.http.netty.listener.ServerConnectorController} - Started listener http-9090  
[2017-07-14 14:33:39,469]  INFO  {org.wso2.carbon.transport.http.netty.listener.ServerConnectorController} - HTTP Interface default starting on host  0.0.0.0 and port 9090  
